[debug] [2018-10-07T06:37:58.396Z] ----------------------------------------------------------------------
[debug] [2018-10-07T06:37:58.397Z] Command:       /usr/local/bin/node /usr/local/bin/firebase serve --only hosting
[debug] [2018-10-07T06:37:58.397Z] CLI Version:   4.2.1
[debug] [2018-10-07T06:37:58.397Z] Platform:      darwin
[debug] [2018-10-07T06:37:58.398Z] Node Version:  v8.12.0
[debug] [2018-10-07T06:37:58.398Z] Time:          Sat Oct 06 2018 23:37:58 GMT-0700 (PDT)
[debug] [2018-10-07T06:37:58.398Z] ----------------------------------------------------------------------
[debug] 
[debug] [2018-10-07T06:37:58.412Z] > command requires scopes: ["email","openid","https://www.googleapis.com/auth/cloudplatformprojects.readonly","https://www.googleapis.com/auth/firebase","https://www.googleapis.com/auth/cloud-platform"]
[debug] [2018-10-07T06:37:58.413Z] > authorizing via signed-in user
[debug] [2018-10-07T06:37:58.414Z] > refreshing access token with scopes: ["email","https://www.googleapis.com/auth/cloud-platform","https://www.googleapis.com/auth/cloudplatformprojects.readonly","https://www.googleapis.com/auth/firebase","openid"]
[debug] [2018-10-07T06:37:58.414Z] >>> HTTP REQUEST POST https://www.googleapis.com/oauth2/v3/token  

[debug] [2018-10-07T06:37:58.597Z] <<< HTTP RESPONSE 200
[debug] [2018-10-07T06:37:58.614Z] >>> HTTP REQUEST GET https://admin.firebase.com/v1/projects/mindeater-c7922  
 
[debug] [2018-10-07T06:37:59.097Z] <<< HTTP RESPONSE 200
[debug] [2018-10-07T06:37:59.099Z] >>> HTTP REQUEST GET https://cloudresourcemanager.googleapis.com/v1/projects/mindeater-c7922  
 
[debug] [2018-10-07T06:37:59.428Z] <<< HTTP RESPONSE 200
[info] 
[info] === Serving from '/Users/kaleshsingh/Desktop/MindEater'...
[info] 
[debug] [2018-10-07T06:37:59.430Z] >>> HTTP REQUEST GET https://mobilesdk-pa.googleapis.com/v1/projects/114380967771/clients/_:getWebAppConfig  
 
[debug] [2018-10-07T06:37:59.787Z] <<< HTTP RESPONSE 200
[info] i  hosting[mindeater-c7922]: Serving hosting files from: ./
[info] ✔  hosting[mindeater-c7922]: Local server: http://localhost:5000
